<?xml version="1.0" encoding="UTF-8"?>
<!-- Generated by org.testng.reporters.JUnitReportReporter -->
<testsuite skipped="0" hostname="DESKTOP-B2UQ05A" name="Practice.DataProviderTest" tests="3" failures="0" timestamp="2022-07-14T16:47:54 IST" time="0.000" errors="0">
  <testcase name="bookTicketTest" time="0.000" classname="Practice.DataProviderTest"/>
  <system-out/>
  <testcase name="bookTicketTest" time="0.000" classname="Practice.DataProviderTest"/>
  <system-out/>
  <testcase name="bookTicketTest" time="0.000" classname="Practice.DataProviderTest"/>
  <system-out/>
</testsuite> <!-- Practice.DataProviderTest -->
